<?xml version="1.0" encoding="UTF-8"?>
<!-- Generated by org.testng.reporters.JUnitXMLReporter -->
<testsuite ignored="2" hostname="Diegos-MacBook-Pro.local" failures="0" tests="1" name="Test" time="0.028" errors="0" timestamp="2020-10-05T10:45:22 BRT">
  <testcase classname="base.TestBase" name="@BeforeSuite setUp" time="0.05">
    <failure type="java.lang.IllegalStateException" message="The driver is not executable: /Users/DieroKreator/code/eclipse-workspace/dataDrivenTesting/src/test/resources/executables/chromedriver.exe">
      <![CDATA[java.lang.IllegalStateException: The driver is not executable: /Users/DieroKreator/code/eclipse-workspace/dataDrivenTesting/src/test/resources/executables/chromedriver.exe
at com.google.common.base.Preconditions.checkState(Preconditions.java:585)
at org.openqa.selenium.remote.service.DriverService.checkExecutable(DriverService.java:150)
at org.openqa.selenium.remote.service.DriverService.findExecutable(DriverService.java:141)
at org.openqa.selenium.chrome.ChromeDriverService.access$000(ChromeDriverService.java:35)
at org.openqa.selenium.chrome.ChromeDriverService$Builder.findDefaultExecutable(ChromeDriverService.java:159)
at org.openqa.selenium.remote.service.DriverService$Builder.build(DriverService.java:355)
at org.openqa.selenium.chrome.ChromeDriverService.createDefaultService(ChromeDriverService.java:94)
at org.openqa.selenium.chrome.ChromeDriver.<init>(ChromeDriver.java:123)
at base.TestBase.setUp(TestBase.java:81)
... Removed 19 stack frames]]>
    </failure>
  </testcase> <!-- @BeforeSuite setUp -->
  <testcase classname="base.TestBase" name="@BeforeMethod setUp" time="-1.601905522172E9">
    <skipped/>
  </testcase> <!-- @BeforeMethod setUp -->
  <testcase classname="base.TestBase" name="@AfterMethod tearDown" time="-1.601905522178E9">
    <skipped/>
  </testcase> <!-- @AfterMethod tearDown -->
  <testcase classname="testcases.LoginTest" name="loginAsBankManager" time="0.0">
    <skipped/>
  </testcase> <!-- loginAsBankManager -->
  <testcase classname="base.TestBase" name="@BeforeSuite setUp" time="0.0">
    <ignored/>
  </testcase> <!-- @BeforeSuite setUp -->
  <testcase classname="base.TestBase" name="@AfterSuite tearDown" time="0.0">
    <ignored/>
  </testcase> <!-- @AfterSuite tearDown -->
</testsuite> <!-- Test -->
